[debug] [2020-12-15T18:31:58.781Z] ----------------------------------------------------------------------
[debug] [2020-12-15T18:31:58.785Z] Command:       C:\Program Files\nodejs\node.exe C:\Users\Hamidul islam\AppData\Roaming\npm\node_modules\firebase-tools\lib\bin\firebase.js init
[debug] [2020-12-15T18:31:58.785Z] CLI Version:   8.19.0
[debug] [2020-12-15T18:31:58.786Z] Platform:      win32
[debug] [2020-12-15T18:31:58.786Z] Node Version:  v12.18.1
[debug] [2020-12-15T18:31:58.788Z] Time:          Wed Dec 16 2020 00:31:58 GMT+0600 (Bangladesh Standard Time)
[debug] [2020-12-15T18:31:58.788Z] ----------------------------------------------------------------------
[debug] [2020-12-15T18:31:58.788Z] 
[debug] [2020-12-15T18:31:58.799Z] > command requires scopes: ["email","openid","https://www.googleapis.com/auth/cloudplatformprojects.readonly","https://www.googleapis.com/auth/firebase","https://www.googleapis.com/auth/cloud-platform"]
[debug] [2020-12-15T18:31:58.800Z] > authorizing via signed-in user
[info] 
     ######## #### ########  ######## ########     ###     ######  ########
     ##        ##  ##     ## ##       ##     ##  ##   ##  ##       ##
     ######    ##  ########  ######   ########  #########  ######  ######
     ##        ##  ##    ##  ##       ##     ## ##     ##       ## ##
     ##       #### ##     ## ######## ########  ##     ##  ######  ########

You're about to initialize a Firebase project in this directory:

  C:\Web Development\travel-guruh

Before we get started, keep in mind:

  * You are currently outside your home directory

[info] 
=== Project Setup
[info] 
[info] First, let's associate this project directory with a Firebase project.
[info] You can create multiple project aliases by running firebase use --add, 
[info] but for now we'll just set up a default project.
[info] 
[debug] [2020-12-15T18:35:09.864Z] >>> HTTP REQUEST GET https://firebase.googleapis.com/v1beta1/availableProjects?pageSize=100  
 
[debug] [2020-12-15T18:35:10.987Z] <<< HTTP RESPONSE 200 {"content-type":"application/json; charset=UTF-8","vary":"X-Origin, Referer, Origin,Accept-Encoding","date":"Tue, 15 Dec 2020 18:35:11 GMT","server":"ESF","cache-control":"private","x-xss-protection":"0","x-frame-options":"SAMEORIGIN","x-content-type-options":"nosniff","alt-svc":"h3-29=\":443\"; ma=2592000,h3-T051=\":443\"; ma=2592000,h3-Q050=\":443\"; ma=2592000,h3-Q046=\":443\"; ma=2592000,h3-Q043=\":443\"; ma=2592000,quic=\":443\"; ma=2592000; v=\"46,43\"","accept-ranges":"none","transfer-encoding":"chunked"}
[debug] [2020-12-15T18:37:30.276Z] >>> HTTP REQUEST POST https://firebase.googleapis.com/v1beta1/projects/applied-range-296122:addFirebase  
 
[debug] [2020-12-15T18:37:33.088Z] <<< HTTP RESPONSE 200 {"content-type":"application/json; charset=UTF-8","vary":"X-Origin, Referer, Origin,Accept-Encoding","date":"Tue, 15 Dec 2020 18:37:34 GMT","server":"ESF","cache-control":"private","x-xss-protection":"0","x-frame-options":"SAMEORIGIN","x-content-type-options":"nosniff","alt-svc":"h3-29=\":443\"; ma=2592000,h3-T051=\":443\"; ma=2592000,h3-Q050=\":443\"; ma=2592000,h3-Q046=\":443\"; ma=2592000,h3-Q043=\":443\"; ma=2592000,quic=\":443\"; ma=2592000; v=\"46,43\"","accept-ranges":"none","transfer-encoding":"chunked"}
[debug] [2020-12-15T18:37:33.094Z] > refreshing access token with scopes: []
[debug] [2020-12-15T18:37:33.095Z] >>> HTTP REQUEST POST https://www.googleapis.com/oauth2/v3/token  
 <request body omitted>
[debug] [2020-12-15T18:37:33.349Z] <<< HTTP RESPONSE 200 {"cache-control":"no-cache, no-store, max-age=0, must-revalidate","date":"Tue, 15 Dec 2020 18:37:34 GMT","pragma":"no-cache","expires":"Mon, 01 Jan 1990 00:00:00 GMT","content-type":"application/json; charset=utf-8","vary":"X-Origin, Referer, Origin,Accept-Encoding","server":"scaffolding on HTTPServer2","x-xss-protection":"0","x-frame-options":"SAMEORIGIN","x-content-type-options":"nosniff","alt-svc":"h3-29=\":443\"; ma=2592000,h3-T051=\":443\"; ma=2592000,h3-Q050=\":443\"; ma=2592000,h3-Q046=\":443\"; ma=2592000,h3-Q043=\":443\"; ma=2592000,quic=\":443\"; ma=2592000; v=\"46,43\"","accept-ranges":"none","transfer-encoding":"chunked"}
[debug] [2020-12-15T18:37:33.423Z] >>> [apiv2][query] GET https://firebase.googleapis.com/v1beta1/operations/workflows/MWEzYTk4NDctOThiOC00NjNiLWIyNmYtZjA0MWJmNGE5YjZm [none]
[debug] [2020-12-15T18:37:34.322Z] <<< [apiv2][status] GET https://firebase.googleapis.com/v1beta1/operations/workflows/MWEzYTk4NDctOThiOC00NjNiLWIyNmYtZjA0MWJmNGE5YjZm 200
[debug] [2020-12-15T18:37:34.322Z] <<< [apiv2][body] GET https://firebase.googleapis.com/v1beta1/operations/workflows/MWEzYTk4NDctOThiOC00NjNiLWIyNmYtZjA0MWJmNGE5YjZm {"name":"operations/workflows/MWEzYTk4NDctOThiOC00NjNiLWIyNmYtZjA0MWJmNGE5YjZm"}
[debug] [2020-12-15T18:37:34.826Z] [Add Firebase Poller] Retrying task index 0
[debug] [2020-12-15T18:37:34.827Z] >>> [apiv2][query] GET https://firebase.googleapis.com/v1beta1/operations/workflows/MWEzYTk4NDctOThiOC00NjNiLWIyNmYtZjA0MWJmNGE5YjZm [none]
[debug] [2020-12-15T18:37:35.814Z] <<< [apiv2][status] GET https://firebase.googleapis.com/v1beta1/operations/workflows/MWEzYTk4NDctOThiOC00NjNiLWIyNmYtZjA0MWJmNGE5YjZm 200
[debug] [2020-12-15T18:37:35.815Z] <<< [apiv2][body] GET https://firebase.googleapis.com/v1beta1/operations/workflows/MWEzYTk4NDctOThiOC00NjNiLWIyNmYtZjA0MWJmNGE5YjZm {"name":"operations/workflows/MWEzYTk4NDctOThiOC00NjNiLWIyNmYtZjA0MWJmNGE5YjZm"}
[debug] [2020-12-15T18:37:36.818Z] [Add Firebase Poller] Retrying task index 0
[debug] [2020-12-15T18:37:36.819Z] >>> [apiv2][query] GET https://firebase.googleapis.com/v1beta1/operations/workflows/MWEzYTk4NDctOThiOC00NjNiLWIyNmYtZjA0MWJmNGE5YjZm [none]
[debug] [2020-12-15T18:37:37.645Z] <<< [apiv2][status] GET https://firebase.googleapis.com/v1beta1/operations/workflows/MWEzYTk4NDctOThiOC00NjNiLWIyNmYtZjA0MWJmNGE5YjZm 200
[debug] [2020-12-15T18:37:37.646Z] <<< [apiv2][body] GET https://firebase.googleapis.com/v1beta1/operations/workflows/MWEzYTk4NDctOThiOC00NjNiLWIyNmYtZjA0MWJmNGE5YjZm {"name":"operations/workflows/MWEzYTk4NDctOThiOC00NjNiLWIyNmYtZjA0MWJmNGE5YjZm"}
[debug] [2020-12-15T18:37:39.648Z] [Add Firebase Poller] Retrying task index 0
[debug] [2020-12-15T18:37:39.649Z] >>> [apiv2][query] GET https://firebase.googleapis.com/v1beta1/operations/workflows/MWEzYTk4NDctOThiOC00NjNiLWIyNmYtZjA0MWJmNGE5YjZm [none]
[debug] [2020-12-15T18:37:40.454Z] <<< [apiv2][status] GET https://firebase.googleapis.com/v1beta1/operations/workflows/MWEzYTk4NDctOThiOC00NjNiLWIyNmYtZjA0MWJmNGE5YjZm 200
[debug] [2020-12-15T18:37:40.455Z] <<< [apiv2][body] GET https://firebase.googleapis.com/v1beta1/operations/workflows/MWEzYTk4NDctOThiOC00NjNiLWIyNmYtZjA0MWJmNGE5YjZm {"name":"operations/workflows/MWEzYTk4NDctOThiOC00NjNiLWIyNmYtZjA0MWJmNGE5YjZm"}
[debug] [2020-12-15T18:37:44.457Z] [Add Firebase Poller] Retrying task index 0
[debug] [2020-12-15T18:37:44.459Z] >>> [apiv2][query] GET https://firebase.googleapis.com/v1beta1/operations/workflows/MWEzYTk4NDctOThiOC00NjNiLWIyNmYtZjA0MWJmNGE5YjZm [none]
[debug] [2020-12-15T18:37:45.254Z] <<< [apiv2][status] GET https://firebase.googleapis.com/v1beta1/operations/workflows/MWEzYTk4NDctOThiOC00NjNiLWIyNmYtZjA0MWJmNGE5YjZm 200
[debug] [2020-12-15T18:37:45.254Z] <<< [apiv2][body] GET https://firebase.googleapis.com/v1beta1/operations/workflows/MWEzYTk4NDctOThiOC00NjNiLWIyNmYtZjA0MWJmNGE5YjZm {"name":"operations/workflows/MWEzYTk4NDctOThiOC00NjNiLWIyNmYtZjA0MWJmNGE5YjZm","done":true,"response":{"@type":"type.googleapis.com/google.firebase.service.v1beta1.FirebaseProject","projectId":"applied-range-296122","projectNumber":"395262429032","displayName":"My First Project","name":"projects/applied-range-296122","resources":{"hostingSite":"applied-range-296122"}}}
[info] 
[info] === Your Firebase project is ready! ===
[info] 
[info] Project information:
[info]    - Project ID: applied-range-296122
[info]    - Project Name: My First Project
[info] 
[info] Firebase console is available at
[info] https://console.firebase.google.com/project/applied-range-296122/overview
[info] i  Using project applied-range-296122 (My First Project) 
[info] 
=== Hosting Setup
[info] 
[info] Your public directory is the folder (relative to your project directory) that
[info] will contain Hosting assets to be uploaded with firebase deploy. If you
[info] have a build process for your assets, use your build's output directory.
[info] 
[debug] [2020-12-15T18:38:20.276Z] >>> [apiv2][query] GET https://www.gstatic.com/firebasejs/releases.json [none]
[debug] [2020-12-15T18:38:20.461Z] <<< [apiv2][status] GET https://www.gstatic.com/firebasejs/releases.json 200
[debug] [2020-12-15T18:38:20.461Z] <<< [apiv2][body] GET https://www.gstatic.com/firebasejs/releases.json {"current":{"version":"8.2.0","browserURL":"https://www.gstatic.com/firebasejs/8.2.0/firebase.js","packageURL":"https://www.gstatic.com/firebasejs/8.2.0/firebase.tgz"},"live":{"version":"8.2","browserURL":"https://www.gstatic.com/firebasejs/live/8.2/firebase.js","packageURL":"https://www.gstatic.com/firebasejs/live/8.2/firebase.tgz"},"components":{"analytics":"https://www.gstatic.com/firebasejs/8.2.0/firebase-analytics.js","app":"https://www.gstatic.com/firebasejs/8.2.0/firebase-app.js","auth":"https://www.gstatic.com/firebasejs/8.2.0/firebase-auth.js","database":"https://www.gstatic.com/firebasejs/8.2.0/firebase-database.js","firestore":"https://www.gstatic.com/firebasejs/8.2.0/firebase-firestore.js","functions":"https://www.gstatic.com/firebasejs/8.2.0/firebase-functions.js","installations":"https://www.gstatic.com/firebasejs/8.2.0/firebase-installations.js","messaging":"https://www.gstatic.com/firebasejs/8.2.0/firebase-messaging.js","storage":"https://www.gstatic.com/firebasejs/8.2.0/firebase-storage.js","performance":"https://www.gstatic.com/firebasejs/8.2.0/firebase-performance.js","remote-config":"https://www.gstatic.com/firebasejs/8.2.0/firebase-remote-config.js","firestore.memory":"https://www.gstatic.com/firebasejs/8.2.0/firebase-firestore.memory.js"}}
[info] +  Wrote y/index.html 
[info] 
[info] i  Detected a .git folder at C:\Web Development\travel-guruh 
[info] i  Authorizing with GitHub to upload your service account to a GitHub repository's secrets store. 
[info] 
[info] Visit this URL on this device to log in:
[info] https://github.com/login/oauth/authorize?client_id=89cf50f02ac6aaed3484&state=965464181&redirect_uri=http%3A%2F%2Flocalhost%3A9005&scope=read%3Auser%20repo%20public_repo
[info] 
[info] Waiting for authentication...
[debug] [2020-12-15T18:38:49.135Z] >>> HTTP REQUEST POST https://github.com/login/oauth/access_token  
 {"client_id":"89cf50f02ac6aaed3484","client_secret":"3330d14abc895d9a74d5f17cd7a00711fa2c5bf0","code":"b8cf9077ae77e4bcbf31","redirect_uri":"http://localhost:9005","state":"965464181"}
[debug] [2020-12-15T18:38:49.851Z] <<< HTTP RESPONSE 200 {"date":"Tue, 15 Dec 2020 18:38:50 GMT","content-type":"application/json; charset=utf-8","transfer-encoding":"chunked","server":"GitHub.com","status":"200 OK","vary":"X-PJAX, Accept-Encoding, Accept, X-Requested-With, Accept-Encoding","etag":"W/\"66deea80f1ad34ffcb688a6c315f77fa\"","cache-control":"max-age=0, private, must-revalidate","strict-transport-security":"max-age=31536000; includeSubdomains; preload","x-frame-options":"deny","x-content-type-options":"nosniff","x-xss-protection":"1; mode=block","referrer-policy":"origin-when-cross-origin, strict-origin-when-cross-origin","expect-ct":"max-age=2592000, report-uri=\"https://api.github.com/_private/browser/errors\"","content-security-policy":"default-src 'none'; base-uri 'self'; block-all-mixed-content; connect-src 'self' uploads.github.com www.githubstatus.com collector.githubapp.com api.github.com github-cloud.s3.amazonaws.com github-production-repository-file-5c1aeb.s3.amazonaws.com github-production-upload-manifest-file-7fdce7.s3.amazonaws.com github-production-user-asset-6210df.s3.amazonaws.com cdn.optimizely.com logx.optimizely.com/v1/events wss://alive.github.com; font-src github.githubassets.com; form-action 'self' github.com gist.github.com; frame-ancestors 'none'; frame-src render.githubusercontent.com; img-src 'self' data: github.githubassets.com identicons.github.com collector.githubapp.com github-cloud.s3.amazonaws.com *.githubusercontent.com; manifest-src 'self'; media-src 'none'; script-src github.githubassets.com; style-src 'unsafe-inline' github.githubassets.com; worker-src github.com/socket-worker-5029ae85.js gist.github.com/socket-worker-5029ae85.js","x-github-request-id":"29ED:6660:B5E0BA:FD4D5B:5FD902BA"}
[debug] [2020-12-15T18:38:49.853Z] >>> [apiv2][query] GET https://api.github.com/user [none]
[debug] [2020-12-15T18:38:50.604Z] <<< [apiv2][status] GET https://api.github.com/user 200
[debug] [2020-12-15T18:38:50.604Z] <<< [apiv2][body] GET https://api.github.com/user {"login":"Hamidkhan-web","id":67288436,"node_id":"MDQ6VXNlcjY3Mjg4NDM2","avatar_url":"https://avatars2.githubusercontent.com/u/67288436?v=4","gravatar_id":"","url":"https://api.github.com/users/Hamidkhan-web","html_url":"https://github.com/Hamidkhan-web","followers_url":"https://api.github.com/users/Hamidkhan-web/followers","following_url":"https://api.github.com/users/Hamidkhan-web/following{/other_user}","gists_url":"https://api.github.com/users/Hamidkhan-web/gists{/gist_id}","starred_url":"https://api.github.com/users/Hamidkhan-web/starred{/owner}{/repo}","subscriptions_url":"https://api.github.com/users/Hamidkhan-web/subscriptions","organizations_url":"https://api.github.com/users/Hamidkhan-web/orgs","repos_url":"https://api.github.com/users/Hamidkhan-web/repos","events_url":"https://api.github.com/users/Hamidkhan-web/events{/privacy}","received_events_url":"https://api.github.com/users/Hamidkhan-web/received_events","type":"User","site_admin":false,"name":null,"company":null,"blog":"","location":null,"email":null,"hireable":null,"bio":null,"twitter_username":null,"public_repos":21,"public_gists":0,"followers":0,"following":0,"created_at":"2020-06-22T18:35:28Z","updated_at":"2020-12-15T18:38:49Z","private_gists":0,"total_private_repos":1,"owned_private_repos":1,"disk_usage":76335,"collaborators":0,"two_factor_authentication":false,"plan":{"name":"free","space":976562499,"collaborators":0,"private_repos":10000}}
[info] 
[info] +  Success! Logged into GitHub as Hamidkhan-web 
[info] 
[debug] [2020-12-15T18:39:46.537Z] >>> [apiv2][query] GET https://api.github.com/repos/y/actions/secrets/public-key type=owner
[debug] [2020-12-15T18:39:47.022Z] <<< [apiv2][status] GET https://api.github.com/repos/y/actions/secrets/public-key 404
[debug] [2020-12-15T18:39:47.022Z] <<< [apiv2][body] GET https://api.github.com/repos/y/actions/secrets/public-key {"message":"Not Found","documentation_url":"https://docs.github.com/rest"}
